<?xml version="1.0" encoding="UTF-8"?>
<!-- Generated by org.testng.reporters.JUnitReportReporter -->
<testsuite skipped="0" hostname="qainfotech-OptiPlex-755" name="testClasses.GMailTest" tests="2" failures="0" timestamp="27 Jun 2018 09:53:14 GMT" time="22.982" errors="0">
  <testcase name="Step01_Launch_LoginPage" time="19.747" classname="testClasses.GMailTest"/>
  <testcase name="Step02_Launch_MailPage" time="3.235" classname="testClasses.GMailTest"/>
</testsuite> <!-- testClasses.GMailTest -->
