<?xml version="1.0" encoding="UTF-8"?>
<!-- Generated by org.testng.reporters.JUnitReportReporter -->
<testsuite skipped="0" hostname="qainfotech-OptiPlex-755" name="testClasses.GMailTest" tests="1" failures="0" timestamp="25 Jun 2018 13:10:20 GMT" time="4.539" errors="0">
  <testcase name="Step01_Launch_LoginPage" time="4.539" classname="testClasses.GMailTest"/>
</testsuite> <!-- testClasses.GMailTest -->
