<?xml version="1.0" encoding="UTF-8"?>
<!-- Generated by org.testng.reporters.JUnitReportReporter -->
<testsuite skipped="0" hostname="Digvijay-PC" name="testClasses.GMailTest" tests="1" failures="0" timestamp="25 Jun 2018 20:31:59 GMT" time="24.251" errors="0">
  <testcase name="Step01_Launch_LoginPage" time="24.251" classname="testClasses.GMailTest"/>
</testsuite> <!-- testClasses.GMailTest -->
